[35m[Appium][39m Welcome to Appium v2.5.4
[35m[Appium][39m Non-default server args:
[35m[Appium][39m { basePath: [32m'/wd/hub'[39m, loglevel: [32m'info'[39m, port: [33m65306[39m }
[35m[Appium][39m Attempting to load driver uiautomator2...
[35m[Appium][39m Attempting to load driver espresso...
[35m[Appium][39m Attempting to load driver flutter...
[35m[Appium][39m Appium REST http interface listener started on http://0.0.0.0:65306/wd/hub
[35m[Appium][39m You can provide the following URLs in your client code to connect to this server:
[35m[Appium][39m 	http://192.168.0.196:65306/wd/hub
[35m[Appium][39m 	http://127.0.0.1:65306/wd/hub (only accessible from the same host)
[35m[Appium][39m Available drivers:
[35m[Appium][39m   - uiautomator2@3.1.0 (automationName 'UiAutomator2')
[35m[Appium][39m   - espresso@2.38.2 (automationName 'Espresso')
[35m[Appium][39m   - flutter@2.6.0 (automationName 'Flutter')
[35m[Appium][39m No plugins have been installed. Use the "appium plugin" command to install the one(s) you want to use.
[38;5;0m[HTTP][0m [37m-->[39m [37mGET[39m [37m/wd/hub/status[39m
[38;5;0m[HTTP][0m [90m{}[39m
[38;5;0m[HTTP][0m [37m<-- GET /wd/hub/status [39m[32m200[39m [90m10 ms - 110[39m
[38;5;0m[HTTP][0m [90m[39m
[38;5;0m[HTTP][0m [37m-->[39m [37mGET[39m [37m/wd/hub/status[39m
[38;5;0m[HTTP][0m [90m{}[39m
[38;5;0m[HTTP][0m [37m<-- GET /wd/hub/status [39m[32m200[39m [90m2 ms - 110[39m
[38;5;0m[HTTP][0m [90m[39m
[38;5;0m[HTTP][0m [37m-->[39m [37mPOST[39m [37m/wd/hub/session[39m
[38;5;0m[HTTP][0m [90m{"desiredCapabilities":{"appium:systemPort":65346,"appium:newCommandTimeout":1800,"appium:automationName":"uiautomator2","appium:fullReset":false,"appium:platformVersion":"14","appium:noReset":true,"appium:udid":"RRCR600269B","appium:autoGrantPermissions":true,"appium:platformName":"ANDROID","appium:deviceName":"samsung SM-G998B (Android 14)","platformName":"Android","appium:app":"C:\\Users\\FeFrJ\\git\\sayakayatestanswer\\androidapp\\flutter-app (1).apk"},"capabilities":{"firstMatch":[{"appium:app":"C:\\Users\\FeFrJ\\git\\sayakayatestanswer\\androidapp\\flutter-app (1).apk","appium:autoGrantPermissions":true,"appium:automationName":"uiautomator2","appium:deviceName":"samsung SM-G998B (Android 14)","appium:fullReset":false,"appium:newCommandTimeout":1800,"appium:noReset":true,"appium:platformName":"ANDROID","appium:platformVersion":"14","appium:systemPort":65346,"appium:udid":"RRCR600269B","platformName":"android"}]}}[39m
[38;5;32m[BaseDriver][0m Ignoring capability 'appium:platformName=ANDROID' and using capability 'platformName=android'
[38;5;32m[BaseDriver][0m The capabilities ["platformName"] are standard capabilities and do not require "appium:" prefix
[35m[Appium][39m Attempting to find matching driver for automationName 'uiautomator2' and platformName 'android'
[35m[Appium][39m The 'uiautomator2' driver was installed and matched caps.
[35m[Appium][39m Will require it at C:\Users\FeFrJ\.appium\node_modules\appium-uiautomator2-driver
[38;5;16m[AppiumDriver@d519][0m Appium v2.5.4 creating new AndroidUiautomator2Driver (v3.1.0) session
[38;5;16m[AppiumDriver@d519][0m Checking BaseDriver versions for Appium and AndroidUiautomator2Driver
[38;5;16m[AppiumDriver@d519][0m Appium's BaseDriver version is 9.6.0
[38;5;16m[AppiumDriver@d519][0m AndroidUiautomator2Driver's BaseDriver version is 9.6.0
[38;5;48m[AndroidUiautomator2Driver@5a03 (00f56c94)][0m Session created with session id: 00f56c94-ee64-40a9-9262-8f075c5cbcfe
[38;5;64m[ADB][0m Found 1 'build-tools' folders under 'C:\Users\FeFrJ\.katalon\tools\android_sdk' (newest first):
[38;5;64m[ADB][0m     C:\Users\FeFrJ\.katalon\tools\android_sdk\build-tools\29.0.3
[38;5;64m[ADB][0m Using 'adb.exe' from 'C:\Users\FeFrJ\.katalon\tools\android_sdk\platform-tools\adb.exe'
[38;5;48m[AndroidUiautomator2Driver@5a03 (00f56c94)][0m Retrieving device list
[38;5;48m[AndroidUiautomator2Driver@5a03 (00f56c94)][0m Using device: RRCR600269B
[38;5;64m[ADB][0m Using 'adb.exe' from 'C:\Users\FeFrJ\.katalon\tools\android_sdk\platform-tools\adb.exe'
[38;5;32m[BaseDriver][0m Using local app 'C:\Users\FeFrJ\git\sayakayatestanswer\androidapp\flutter-app (1).apk'
[38;5;64m[ADB][0m Getting device platform version
[38;5;48m[AndroidUiautomator2Driver@5a03 (00f56c94)][0m Relaxing hidden api policy
[38;5;64m[ADB][0m Package name: 'io.flutter.demo.gallery'
[38;5;64m[ADB][0m Main activity name: 'io.flutter.demo.gallery.MainActivity'
[38;5;64m[ADB][0m Using 'apksigner.jar' from 'C:\Users\FeFrJ\.katalon\tools\android_sdk\build-tools\29.0.3\lib\apksigner.jar'
[38;5;48m[AndroidUiautomator2Driver@5a03 (00f56c94)][0m Server packages are not going to be (re)installed
[38;5;64m[ADB][0m Adding packages ["io.appium.settings","io.appium.uiautomator2.server","io.appium.uiautomator2.server.test"] to Doze whitelist
[38;5;64m[ADB][0m 'C:\Users\FeFrJ\git\sayakayatestanswer\androidapp\flutter-app (1).apk' is signed with a non-default certificate
[38;5;64m[ADB][0m The application at 'C:\Users\FeFrJ\git\sayakayatestanswer\androidapp\flutter-app (1).apk' will not be cached, because the device under test has confirmed the support of streamed installs
[38;5;64m[ADB][0m The installation of 'flutter-app (1).apk' took 4484ms
[38;5;48m[AndroidUiautomator2Driver@5a03 (00f56c94)][0m Starting UIAutomator2 server 7.0.5
[38;5;48m[AndroidUiautomator2Driver@5a03 (00f56c94)][0m Using UIAutomator2 server from 'C:\Users\FeFrJ\.appium\node_modules\appium-uiautomator2-driver\node_modules\appium-uiautomator2-server\apks\appium-uiautomator2-server-v7.0.5.apk' and test from 'C:\Users\FeFrJ\.appium\node_modules\appium-uiautomator2-driver\node_modules\appium-uiautomator2-server\apks\appium-uiautomator2-server-debug-androidTest.apk'
[38;5;48m[AndroidUiautomator2Driver@5a03 (00f56c94)][0m Waiting up to 30000ms for UiAutomator2 to be online...
[38;5;48m[AndroidUiautomator2Driver@5a03 (00f56c94)][0m socket hang up
[38;5;48m[AndroidUiautomator2Driver@5a03 (00f56c94)][0m socket hang up
[38;5;48m[AndroidUiautomator2Driver@5a03 (00f56c94)][0m Determined the downstream protocol as 'W3C'
[38;5;48m[AndroidUiautomator2Driver@5a03 (00f56c94)][0m Screen already unlocked, doing nothing
[38;5;48m[AndroidUiautomator2Driver@5a03 (00f56c94)][0m Starting 'io.flutter.demo.gallery/io.flutter.demo.gallery.MainActivity and waiting for 'io.flutter.demo.gallery/io.flutter.demo.gallery.MainActivity'
[38;5;16m[AppiumDriver@d519][0m New AndroidUiautomator2Driver session created successfully, session 00f56c94-ee64-40a9-9262-8f075c5cbcfe added to master session list
[38;5;0m[HTTP][0m [37m<-- POST /wd/hub/session [39m[32m200[39m [90m12351 ms - 1236[39m
[38;5;0m[HTTP][0m [90m[39m
[38;5;0m[HTTP][0m [37m-->[39m [37mGET[39m [37m/wd/hub/session/00f56c94-ee64-40a9-9262-8f075c5cbcfe[39m
[38;5;0m[HTTP][0m [90m{}[39m
[38;5;0m[HTTP][0m [37m<-- GET /wd/hub/session/00f56c94-ee64-40a9-9262-8f075c5cbcfe [39m[32m200[39m [90m14 ms - 367[39m
[38;5;0m[HTTP][0m [90m[39m
[38;5;0m[HTTP][0m [37m-->[39m [37mGET[39m [37m/wd/hub/session/00f56c94-ee64-40a9-9262-8f075c5cbcfe[39m
[38;5;0m[HTTP][0m [90m{}[39m
[38;5;0m[HTTP][0m [37m<-- GET /wd/hub/session/00f56c94-ee64-40a9-9262-8f075c5cbcfe [39m[32m200[39m [90m13 ms - 367[39m
[38;5;0m[HTTP][0m [90m[39m
[38;5;0m[HTTP][0m [37m-->[39m [37mGET[39m [37m/wd/hub/status[39m
[38;5;0m[HTTP][0m [90m{}[39m
[38;5;0m[HTTP][0m [37m<-- GET /wd/hub/status [39m[32m200[39m [90m1 ms - 110[39m
[38;5;0m[HTTP][0m [90m[39m
[38;5;0m[HTTP][0m [37m-->[39m [37mPOST[39m [37m/wd/hub/session/00f56c94-ee64-40a9-9262-8f075c5cbcfe/timeouts[39m
[38;5;0m[HTTP][0m [90m{"implicit":60000}[39m
[38;5;0m[HTTP][0m [37m<-- POST /wd/hub/session/00f56c94-ee64-40a9-9262-8f075c5cbcfe/timeouts [39m[32m200[39m [90m6 ms - 14[39m
[38;5;0m[HTTP][0m [90m[39m
[38;5;0m[HTTP][0m [37m-->[39m [37mGET[39m [37m/wd/hub/session/00f56c94-ee64-40a9-9262-8f075c5cbcfe/source[39m
[38;5;0m[HTTP][0m [90m{}[39m
[38;5;48m[AndroidUiautomator2Driver@5a03 (00f56c94)][0m Driver proxy active, passing request on via HTTP proxy
[38;5;48m[AndroidUiautomator2Driver@5a03 (00f56c94)][0m Replacing sessionId 9700dacf-264e-4dc3-9265-f9dd05a46b6b with 00f56c94-ee64-40a9-9262-8f075c5cbcfe
[38;5;0m[HTTP][0m [37m<-- GET /wd/hub/session/00f56c94-ee64-40a9-9262-8f075c5cbcfe/source [39m[32m200[39m [90m410 ms - 5968[39m
[38;5;0m[HTTP][0m [90m[39m
[38;5;0m[HTTP][0m [37m-->[39m [37mGET[39m [37m/wd/hub/session/00f56c94-ee64-40a9-9262-8f075c5cbcfe/screenshot[39m
[38;5;0m[HTTP][0m [90m{}[39m
[38;5;0m[HTTP][0m [37m<-- GET /wd/hub/session/00f56c94-ee64-40a9-9262-8f075c5cbcfe/screenshot [39m[32m200[39m [90m447 ms - 157680[39m
[38;5;0m[HTTP][0m [90m[39m
[38;5;0m[HTTP][0m [37m-->[39m [37mGET[39m [37m/wd/hub/session/00f56c94-ee64-40a9-9262-8f075c5cbcfe/source[39m
[38;5;0m[HTTP][0m [90m{}[39m
[38;5;48m[AndroidUiautomator2Driver@5a03 (00f56c94)][0m Driver proxy active, passing request on via HTTP proxy
[38;5;48m[AndroidUiautomator2Driver@5a03 (00f56c94)][0m Replacing sessionId 9700dacf-264e-4dc3-9265-f9dd05a46b6b with 00f56c94-ee64-40a9-9262-8f075c5cbcfe
[38;5;0m[HTTP][0m [37m<-- GET /wd/hub/session/00f56c94-ee64-40a9-9262-8f075c5cbcfe/source [39m[32m200[39m [90m127 ms - 10690[39m
[38;5;0m[HTTP][0m [90m[39m
[38;5;0m[HTTP][0m [37m-->[39m [37mGET[39m [37m/wd/hub/session/00f56c94-ee64-40a9-9262-8f075c5cbcfe/screenshot[39m
[38;5;0m[HTTP][0m [90m{}[39m
[38;5;0m[HTTP][0m [37m<-- GET /wd/hub/session/00f56c94-ee64-40a9-9262-8f075c5cbcfe/screenshot [39m[32m200[39m [90m827 ms - 137452[39m
[38;5;0m[HTTP][0m [90m[39m
[38;5;0m[HTTP][0m [37m-->[39m [37mPOST[39m [37m/wd/hub/session/00f56c94-ee64-40a9-9262-8f075c5cbcfe/elements[39m
[38;5;0m[HTTP][0m [90m{"using":"xpath","value":"//*[@class = 'android.widget.EditText' and (@text = 'Password *' or . = 'Password *') and @resource-id = '']"}[39m
[38;5;0m[HTTP][0m [37m<-- POST /wd/hub/session/00f56c94-ee64-40a9-9262-8f075c5cbcfe/elements [39m[32m200[39m [90m895 ms - 139[39m
[38;5;0m[HTTP][0m [90m[39m
[38;5;0m[HTTP][0m [37m-->[39m [37mGET[39m [37m/wd/hub/session/00f56c94-ee64-40a9-9262-8f075c5cbcfe/window/rect[39m
[38;5;0m[HTTP][0m [90m{}[39m
[38;5;0m[HTTP][0m [37m<-- GET /wd/hub/session/00f56c94-ee64-40a9-9262-8f075c5cbcfe/window/rect [39m[32m200[39m [90m21 ms - 50[39m
[38;5;0m[HTTP][0m [90m[39m
[38;5;0m[HTTP][0m [37m-->[39m [37mPOST[39m [37m/wd/hub/session/00f56c94-ee64-40a9-9262-8f075c5cbcfe/elements[39m
[38;5;0m[HTTP][0m [90m{"using":"xpath","value":"//*[@class = 'android.widget.EditText' and (@text = 'Password *' or . = 'Password *') and @resource-id = '']"}[39m
[38;5;0m[HTTP][0m [37m<-- POST /wd/hub/session/00f56c94-ee64-40a9-9262-8f075c5cbcfe/elements [39m[32m200[39m [90m134 ms - 139[39m
[38;5;0m[HTTP][0m [90m[39m
[38;5;0m[HTTP][0m [37m-->[39m [37mGET[39m [37m/wd/hub/session/00f56c94-ee64-40a9-9262-8f075c5cbcfe/element/00000000-0000-03f1-0000-005b00000003/location[39m
[38;5;0m[HTTP][0m [90m{}[39m
[38;5;48m[AndroidUiautomator2Driver@5a03 (00f56c94)][0m Driver proxy active, passing request on via HTTP proxy
[38;5;48m[AndroidUiautomator2Driver@5a03 (00f56c94)][0m Replacing sessionId 9700dacf-264e-4dc3-9265-f9dd05a46b6b with 00f56c94-ee64-40a9-9262-8f075c5cbcfe
[38;5;0m[HTTP][0m [37m<-- GET /wd/hub/session/00f56c94-ee64-40a9-9262-8f075c5cbcfe/element/00000000-0000-03f1-0000-005b00000003/location [39m[32m200[39m [90m27 ms - 78[39m
[38;5;0m[HTTP][0m [90m[39m
[38;5;0m[HTTP][0m [37m-->[39m [37mPOST[39m [37m/wd/hub/session/00f56c94-ee64-40a9-9262-8f075c5cbcfe/element/00000000-0000-03f1-0000-005b00000003/click[39m
[38;5;0m[HTTP][0m [90m{"id":"00000000-0000-03f1-0000-005b00000003"}[39m
[38;5;0m[HTTP][0m [37m<-- POST /wd/hub/session/00f56c94-ee64-40a9-9262-8f075c5cbcfe/element/00000000-0000-03f1-0000-005b00000003/click [39m[32m200[39m [90m74 ms - 14[39m
[38;5;0m[HTTP][0m [90m[39m
[38;5;0m[HTTP][0m [37m-->[39m [37mGET[39m [37m/wd/hub/session/00f56c94-ee64-40a9-9262-8f075c5cbcfe/source[39m
[38;5;0m[HTTP][0m [90m{}[39m
[38;5;48m[AndroidUiautomator2Driver@5a03 (00f56c94)][0m Driver proxy active, passing request on via HTTP proxy
[38;5;48m[AndroidUiautomator2Driver@5a03 (00f56c94)][0m Replacing sessionId 9700dacf-264e-4dc3-9265-f9dd05a46b6b with 00f56c94-ee64-40a9-9262-8f075c5cbcfe
[38;5;0m[HTTP][0m [37m<-- GET /wd/hub/session/00f56c94-ee64-40a9-9262-8f075c5cbcfe/source [39m[32m200[39m [90m446 ms - 8213[39m
[38;5;0m[HTTP][0m [90m[39m
[38;5;0m[HTTP][0m [37m-->[39m [37mGET[39m [37m/wd/hub/session/00f56c94-ee64-40a9-9262-8f075c5cbcfe/screenshot[39m
[38;5;0m[HTTP][0m [90m{}[39m
[38;5;0m[HTTP][0m [37m<-- GET /wd/hub/session/00f56c94-ee64-40a9-9262-8f075c5cbcfe/screenshot [39m[32m200[39m [90m307 ms - 214636[39m
[38;5;0m[HTTP][0m [90m[39m
[38;5;0m[HTTP][0m [37m-->[39m [37mPOST[39m [37m/wd/hub/session/00f56c94-ee64-40a9-9262-8f075c5cbcfe/elements[39m
[38;5;0m[HTTP][0m [90m{"using":"xpath","value":"//*[@class = 'android.widget.EditText' and @resource-id = '' and (@text = '' or . = '')]"}[39m
[38;5;0m[HTTP][0m [37m<-- POST /wd/hub/session/00f56c94-ee64-40a9-9262-8f075c5cbcfe/elements [39m[32m200[39m [90m162 ms - 523[39m
[38;5;0m[HTTP][0m [90m[39m
[38;5;0m[HTTP][0m [37m-->[39m [37mPOST[39m [37m/wd/hub/session/00f56c94-ee64-40a9-9262-8f075c5cbcfe/elements[39m
[38;5;0m[HTTP][0m [90m{"using":"-android uiautomator","value":"new UiSelector().className(\"android.widget.EditText\").resourceId(\"\")"}[39m
[38;5;0m[HTTP][0m [37m<-- POST /wd/hub/session/00f56c94-ee64-40a9-9262-8f075c5cbcfe/elements [39m[32m200[39m [90m50 ms - 651[39m
[38;5;0m[HTTP][0m [90m[39m
[38;5;0m[HTTP][0m [37m-->[39m [37mGET[39m [37m/wd/hub/session/00f56c94-ee64-40a9-9262-8f075c5cbcfe/window/rect[39m
[38;5;0m[HTTP][0m [90m{}[39m
[38;5;0m[HTTP][0m [37m<-- GET /wd/hub/session/00f56c94-ee64-40a9-9262-8f075c5cbcfe/window/rect [39m[32m200[39m [90m20 ms - 50[39m
[38;5;0m[HTTP][0m [90m[39m
[38;5;0m[HTTP][0m [37m-->[39m [37mPOST[39m [37m/wd/hub/session/00f56c94-ee64-40a9-9262-8f075c5cbcfe/elements[39m
[38;5;0m[HTTP][0m [90m{"using":"xpath","value":"//hierarchy/android.widget.FrameLayout[1]/android.widget.LinearLayout[1]/android.widget.FrameLayout[1]/android.view.View[1]/android.view.View[1]/android.view.View[1]/android.view.View[1]/android.widget.ScrollView[1]/android.widget.EditText[5]"}[39m
[38;5;0m[HTTP][0m [37m<-- POST /wd/hub/session/00f56c94-ee64-40a9-9262-8f075c5cbcfe/elements [39m[32m200[39m [90m86 ms - 139[39m
[38;5;0m[HTTP][0m [90m[39m
[38;5;0m[HTTP][0m [37m-->[39m [37mGET[39m [37m/wd/hub/session/00f56c94-ee64-40a9-9262-8f075c5cbcfe/element/00000000-0000-03f1-0000-005b00000003/location[39m
[38;5;0m[HTTP][0m [90m{}[39m
[38;5;48m[AndroidUiautomator2Driver@5a03 (00f56c94)][0m Driver proxy active, passing request on via HTTP proxy
[38;5;48m[AndroidUiautomator2Driver@5a03 (00f56c94)][0m Replacing sessionId 9700dacf-264e-4dc3-9265-f9dd05a46b6b with 00f56c94-ee64-40a9-9262-8f075c5cbcfe
[38;5;0m[HTTP][0m [37m<-- GET /wd/hub/session/00f56c94-ee64-40a9-9262-8f075c5cbcfe/element/00000000-0000-03f1-0000-005b00000003/location [39m[32m200[39m [90m29 ms - 78[39m
[38;5;0m[HTTP][0m [90m[39m
[38;5;0m[HTTP][0m [37m-->[39m [37mPOST[39m [37m/wd/hub/session/00f56c94-ee64-40a9-9262-8f075c5cbcfe/element/00000000-0000-03f1-0000-005b00000003/clear[39m
[38;5;0m[HTTP][0m [90m{"id":"00000000-0000-03f1-0000-005b00000003"}[39m
[38;5;0m[HTTP][0m [37m<-- POST /wd/hub/session/00f56c94-ee64-40a9-9262-8f075c5cbcfe/element/00000000-0000-03f1-0000-005b00000003/clear [39m[32m200[39m [90m17 ms - 14[39m
[38;5;0m[HTTP][0m [90m[39m
[38;5;0m[HTTP][0m [37m-->[39m [37mPOST[39m [37m/wd/hub/session/00f56c94-ee64-40a9-9262-8f075c5cbcfe/element/00000000-0000-03f1-0000-005b00000003/click[39m
[38;5;0m[HTTP][0m [90m{"id":"00000000-0000-03f1-0000-005b00000003"}[39m
[38;5;0m[HTTP][0m [37m<-- POST /wd/hub/session/00f56c94-ee64-40a9-9262-8f075c5cbcfe/element/00000000-0000-03f1-0000-005b00000003/click [39m[32m200[39m [90m59 ms - 14[39m
[38;5;0m[HTTP][0m [90m[39m
[38;5;0m[HTTP][0m [37m-->[39m [37mPOST[39m [37m/wd/hub/session/00f56c94-ee64-40a9-9262-8f075c5cbcfe/element/00000000-0000-03f1-0000-005b00000003/value[39m
[38;5;0m[HTTP][0m [90m{"id":"00000000-0000-03f1-0000-005b00000003","text":"test","value":["t","e","s","t"]}[39m
[38;5;48m[AndroidUiautomator2Driver@5a03 (00f56c94)][0m Got response with status 400: {"sessionId":"9700dacf-264e-4dc3-9265-f9dd05a46b6b","value":{"error":"invalid element state","message":"Cannot set the element to 'test'. Did you interact with the correct element?","stacktrace":"io.appium.uiautomator2.common.exceptions.InvalidElementStateException: Cannot set the element to 'test'. Did you interact with the correct element?\n\tat io.appium.uiautomator2.handler.SendKeysToElement.setText(SendKeysToElement.java:87)\n\tat io.appium.uiautomator2.handler.SendKeysToElement.safeHandle(SendKeysToElement.java:115)\n\tat io.appium.uiautomator2.handler.request.SafeRequestHandler.handle(SafeRequestHandler.java:59)\n\tat io.appium.uiautomator2.server.AppiumServlet.handleRequest(AppiumServlet.java:259)\n\tat io.appium.uiautomator2.server.AppiumServlet.handleHttpRequest(AppiumServlet.java:253)\n\tat io.appium.uiautomator2.http.ServerHandler.channelRead(ServerHandler.java:77)\n\tat io.netty.channel.AbstractChannelHandlerContext.invokeChannelRead(AbstractChannelHandlerContext.java:366)\n\tat io.netty.chann...
[38;5;0m[HTTP][0m [37m<-- POST /wd/hub/session/00f56c94-ee64-40a9-9262-8f075c5cbcfe/element/00000000-0000-03f1-0000-005b00000003/value [39m[33m400[39m [90m47 ms - 3888[39m
[38;5;0m[HTTP][0m [90m[39m
[38;5;0m[HTTP][0m [37m-->[39m [37mPOST[39m [37m/wd/hub/session/00f56c94-ee64-40a9-9262-8f075c5cbcfe/elements[39m
[38;5;0m[HTTP][0m [90m{"using":"xpath","value":"//*[@class = 'android.widget.EditText' and @resource-id = '' and (@text = '' or . = '')]"}[39m
[38;5;0m[HTTP][0m [37m<-- POST /wd/hub/session/00f56c94-ee64-40a9-9262-8f075c5cbcfe/elements [39m[32m200[39m [90m119 ms - 523[39m
[38;5;0m[HTTP][0m [90m[39m
[38;5;0m[HTTP][0m [37m-->[39m [37mPOST[39m [37m/wd/hub/session/00f56c94-ee64-40a9-9262-8f075c5cbcfe/elements[39m
[38;5;0m[HTTP][0m [90m{"using":"-android uiautomator","value":"new UiSelector().className(\"android.widget.EditText\").resourceId(\"\")"}[39m
[38;5;0m[HTTP][0m [37m<-- POST /wd/hub/session/00f56c94-ee64-40a9-9262-8f075c5cbcfe/elements [39m[32m200[39m [90m71 ms - 651[39m
[38;5;0m[HTTP][0m [90m[39m
[38;5;0m[HTTP][0m [37m-->[39m [37mGET[39m [37m/wd/hub/session/00f56c94-ee64-40a9-9262-8f075c5cbcfe/window/rect[39m
[38;5;0m[HTTP][0m [90m{}[39m
[38;5;0m[HTTP][0m [37m<-- GET /wd/hub/session/00f56c94-ee64-40a9-9262-8f075c5cbcfe/window/rect [39m[32m200[39m [90m13 ms - 50[39m
[38;5;0m[HTTP][0m [90m[39m
[38;5;0m[HTTP][0m [37m-->[39m [37mPOST[39m [37m/wd/hub/session/00f56c94-ee64-40a9-9262-8f075c5cbcfe/elements[39m
[38;5;0m[HTTP][0m [90m{"using":"xpath","value":"//hierarchy/android.widget.FrameLayout[1]/android.widget.LinearLayout[1]/android.widget.FrameLayout[1]/android.view.View[1]/android.view.View[1]/android.view.View[1]/android.view.View[1]/android.widget.ScrollView[1]/android.widget.EditText[5]"}[39m
[38;5;0m[HTTP][0m [37m<-- POST /wd/hub/session/00f56c94-ee64-40a9-9262-8f075c5cbcfe/elements [39m[32m200[39m [90m81 ms - 139[39m
[38;5;0m[HTTP][0m [90m[39m
[38;5;0m[HTTP][0m [37m-->[39m [37mGET[39m [37m/wd/hub/session/00f56c94-ee64-40a9-9262-8f075c5cbcfe/element/00000000-0000-03f1-0000-005b00000003/location[39m
[38;5;0m[HTTP][0m [90m{}[39m
[38;5;48m[AndroidUiautomator2Driver@5a03 (00f56c94)][0m Driver proxy active, passing request on via HTTP proxy
[38;5;48m[AndroidUiautomator2Driver@5a03 (00f56c94)][0m Replacing sessionId 9700dacf-264e-4dc3-9265-f9dd05a46b6b with 00f56c94-ee64-40a9-9262-8f075c5cbcfe
[38;5;0m[HTTP][0m [37m<-- GET /wd/hub/session/00f56c94-ee64-40a9-9262-8f075c5cbcfe/element/00000000-0000-03f1-0000-005b00000003/location [39m[32m200[39m [90m14 ms - 78[39m
[38;5;0m[HTTP][0m [90m[39m
[38;5;0m[HTTP][0m [37m-->[39m [37mPOST[39m [37m/wd/hub/session/00f56c94-ee64-40a9-9262-8f075c5cbcfe/element/00000000-0000-03f1-0000-005b00000003/clear[39m
[38;5;0m[HTTP][0m [90m{"id":"00000000-0000-03f1-0000-005b00000003"}[39m
[38;5;0m[HTTP][0m [37m<-- POST /wd/hub/session/00f56c94-ee64-40a9-9262-8f075c5cbcfe/element/00000000-0000-03f1-0000-005b00000003/clear [39m[32m200[39m [90m634 ms - 14[39m
[38;5;0m[HTTP][0m [90m[39m
[38;5;0m[HTTP][0m [37m-->[39m [37mPOST[39m [37m/wd/hub/session/00f56c94-ee64-40a9-9262-8f075c5cbcfe/element/00000000-0000-03f1-0000-005b00000003/click[39m
[38;5;0m[HTTP][0m [90m{"id":"00000000-0000-03f1-0000-005b00000003"}[39m
[38;5;0m[HTTP][0m [37m<-- POST /wd/hub/session/00f56c94-ee64-40a9-9262-8f075c5cbcfe/element/00000000-0000-03f1-0000-005b00000003/click [39m[32m200[39m [90m96 ms - 14[39m
[38;5;0m[HTTP][0m [90m[39m
[38;5;0m[HTTP][0m [37m-->[39m [37mPOST[39m [37m/wd/hub/session/00f56c94-ee64-40a9-9262-8f075c5cbcfe/element/00000000-0000-03f1-0000-005b00000003/value[39m
[38;5;0m[HTTP][0m [90m{"id":"00000000-0000-03f1-0000-005b00000003","text":"test","value":["t","e","s","t"]}[39m
[38;5;48m[AndroidUiautomator2Driver@5a03 (00f56c94)][0m Got response with status 400: {"sessionId":"9700dacf-264e-4dc3-9265-f9dd05a46b6b","value":{"error":"invalid element state","message":"Cannot set the element to 'test'. Did you interact with the correct element?","stacktrace":"io.appium.uiautomator2.common.exceptions.InvalidElementStateException: Cannot set the element to 'test'. Did you interact with the correct element?\n\tat io.appium.uiautomator2.handler.SendKeysToElement.setText(SendKeysToElement.java:87)\n\tat io.appium.uiautomator2.handler.SendKeysToElement.safeHandle(SendKeysToElement.java:115)\n\tat io.appium.uiautomator2.handler.request.SafeRequestHandler.handle(SafeRequestHandler.java:59)\n\tat io.appium.uiautomator2.server.AppiumServlet.handleRequest(AppiumServlet.java:259)\n\tat io.appium.uiautomator2.server.AppiumServlet.handleHttpRequest(AppiumServlet.java:253)\n\tat io.appium.uiautomator2.http.ServerHandler.channelRead(ServerHandler.java:77)\n\tat io.netty.channel.AbstractChannelHandlerContext.invokeChannelRead(AbstractChannelHandlerContext.java:366)\n\tat io.netty.chann...
[38;5;0m[HTTP][0m [37m<-- POST /wd/hub/session/00f56c94-ee64-40a9-9262-8f075c5cbcfe/element/00000000-0000-03f1-0000-005b00000003/value [39m[33m400[39m [90m45 ms - 3888[39m
[38;5;0m[HTTP][0m [90m[39m
[38;5;0m[HTTP][0m [37m-->[39m [37mPOST[39m [37m/wd/hub/session/00f56c94-ee64-40a9-9262-8f075c5cbcfe/elements[39m
[38;5;0m[HTTP][0m [90m{"using":"xpath","value":"//*[@class = 'android.widget.EditText' and (@text = 'Salary' or . = 'Salary') and @resource-id = '']"}[39m
[38;5;0m[HTTP][0m [37m<-- POST /wd/hub/session/00f56c94-ee64-40a9-9262-8f075c5cbcfe/elements [39m[32m200[39m [90m114 ms - 139[39m
[38;5;0m[HTTP][0m [90m[39m
[38;5;0m[HTTP][0m [37m-->[39m [37mGET[39m [37m/wd/hub/session/00f56c94-ee64-40a9-9262-8f075c5cbcfe/window/rect[39m
[38;5;0m[HTTP][0m [90m{}[39m
[38;5;0m[HTTP][0m [37m<-- GET /wd/hub/session/00f56c94-ee64-40a9-9262-8f075c5cbcfe/window/rect [39m[32m200[39m [90m14 ms - 50[39m
[38;5;0m[HTTP][0m [90m[39m
[38;5;0m[HTTP][0m [37m-->[39m [37mPOST[39m [37m/wd/hub/session/00f56c94-ee64-40a9-9262-8f075c5cbcfe/elements[39m
[38;5;0m[HTTP][0m [90m{"using":"xpath","value":"//*[@class = 'android.widget.EditText' and (@text = 'Salary' or . = 'Salary') and @resource-id = '']"}[39m
[38;5;0m[HTTP][0m [37m<-- POST /wd/hub/session/00f56c94-ee64-40a9-9262-8f075c5cbcfe/elements [39m[32m200[39m [90m104 ms - 139[39m
[38;5;0m[HTTP][0m [90m[39m
[38;5;0m[HTTP][0m [37m-->[39m [37mGET[39m [37m/wd/hub/session/00f56c94-ee64-40a9-9262-8f075c5cbcfe/element/00000000-0000-03f1-0000-005a00000003/location[39m
[38;5;0m[HTTP][0m [90m{}[39m
[38;5;48m[AndroidUiautomator2Driver@5a03 (00f56c94)][0m Driver proxy active, passing request on via HTTP proxy
[38;5;48m[AndroidUiautomator2Driver@5a03 (00f56c94)][0m Replacing sessionId 9700dacf-264e-4dc3-9265-f9dd05a46b6b with 00f56c94-ee64-40a9-9262-8f075c5cbcfe
[38;5;0m[HTTP][0m [37m<-- GET /wd/hub/session/00f56c94-ee64-40a9-9262-8f075c5cbcfe/element/00000000-0000-03f1-0000-005a00000003/location [39m[32m200[39m [90m27 ms - 78[39m
[38;5;0m[HTTP][0m [90m[39m
[38;5;0m[HTTP][0m [37m-->[39m [37mPOST[39m [37m/wd/hub/session/00f56c94-ee64-40a9-9262-8f075c5cbcfe/element/00000000-0000-03f1-0000-005a00000003/clear[39m
[38;5;0m[HTTP][0m [90m{"id":"00000000-0000-03f1-0000-005a00000003"}[39m
[38;5;0m[HTTP][0m [37m<-- POST /wd/hub/session/00f56c94-ee64-40a9-9262-8f075c5cbcfe/element/00000000-0000-03f1-0000-005a00000003/clear [39m[32m200[39m [90m17 ms - 14[39m
[38;5;0m[HTTP][0m [90m[39m
[38;5;0m[HTTP][0m [37m-->[39m [37mPOST[39m [37m/wd/hub/session/00f56c94-ee64-40a9-9262-8f075c5cbcfe/element/00000000-0000-03f1-0000-005a00000003/click[39m
[38;5;0m[HTTP][0m [90m{"id":"00000000-0000-03f1-0000-005a00000003"}[39m
[38;5;0m[HTTP][0m [37m<-- POST /wd/hub/session/00f56c94-ee64-40a9-9262-8f075c5cbcfe/element/00000000-0000-03f1-0000-005a00000003/click [39m[32m200[39m [90m72 ms - 14[39m
[38;5;0m[HTTP][0m [90m[39m
[38;5;0m[HTTP][0m [37m-->[39m [37mPOST[39m [37m/wd/hub/session/00f56c94-ee64-40a9-9262-8f075c5cbcfe/element/00000000-0000-03f1-0000-005a00000003/value[39m
[38;5;0m[HTTP][0m [90m{"id":"00000000-0000-03f1-0000-005a00000003","text":"test","value":["t","e","s","t"]}[39m
[38;5;48m[AndroidUiautomator2Driver@5a03 (00f56c94)][0m Got response with status 400: {"sessionId":"9700dacf-264e-4dc3-9265-f9dd05a46b6b","value":{"error":"invalid element state","message":"Cannot set the element to 'test'. Did you interact with the correct element?","stacktrace":"io.appium.uiautomator2.common.exceptions.InvalidElementStateException: Cannot set the element to 'test'. Did you interact with the correct element?\n\tat io.appium.uiautomator2.handler.SendKeysToElement.setText(SendKeysToElement.java:87)\n\tat io.appium.uiautomator2.handler.SendKeysToElement.safeHandle(SendKeysToElement.java:115)\n\tat io.appium.uiautomator2.handler.request.SafeRequestHandler.handle(SafeRequestHandler.java:59)\n\tat io.appium.uiautomator2.server.AppiumServlet.handleRequest(AppiumServlet.java:259)\n\tat io.appium.uiautomator2.server.AppiumServlet.handleHttpRequest(AppiumServlet.java:253)\n\tat io.appium.uiautomator2.http.ServerHandler.channelRead(ServerHandler.java:77)\n\tat io.netty.channel.AbstractChannelHandlerContext.invokeChannelRead(AbstractChannelHandlerContext.java:366)\n\tat io.netty.chann...
[38;5;0m[HTTP][0m [37m<-- POST /wd/hub/session/00f56c94-ee64-40a9-9262-8f075c5cbcfe/element/00000000-0000-03f1-0000-005a00000003/value [39m[33m400[39m [90m664 ms - 3888[39m
[38;5;0m[HTTP][0m [90m[39m
[38;5;0m[HTTP][0m [37m-->[39m [37mPOST[39m [37m/wd/hub/session/00f56c94-ee64-40a9-9262-8f075c5cbcfe/elements[39m
[38;5;0m[HTTP][0m [90m{"using":"xpath","value":"//*[@class = 'android.widget.EditText' and (@text = 'Salary' or . = 'Salary') and @resource-id = '']"}[39m
[38;5;0m[HTTP][0m [37m<-- POST /wd/hub/session/00f56c94-ee64-40a9-9262-8f075c5cbcfe/elements [39m[32m200[39m [90m15549 ms - 139[39m
[38;5;0m[HTTP][0m [90m[39m
[38;5;0m[HTTP][0m [37m-->[39m [37mGET[39m [37m/wd/hub/session/00f56c94-ee64-40a9-9262-8f075c5cbcfe/window/rect[39m
[38;5;0m[HTTP][0m [90m{}[39m
[38;5;0m[HTTP][0m [37m<-- GET /wd/hub/session/00f56c94-ee64-40a9-9262-8f075c5cbcfe/window/rect [39m[32m200[39m [90m8 ms - 50[39m
[38;5;0m[HTTP][0m [90m[39m
[38;5;0m[HTTP][0m [37m-->[39m [37mPOST[39m [37m/wd/hub/session/00f56c94-ee64-40a9-9262-8f075c5cbcfe/elements[39m
[38;5;0m[HTTP][0m [90m{"using":"xpath","value":"//*[@class = 'android.widget.EditText' and (@text = 'Salary' or . = 'Salary') and @resource-id = '']"}[39m
[38;5;0m[HTTP][0m [37m<-- POST /wd/hub/session/00f56c94-ee64-40a9-9262-8f075c5cbcfe/elements [39m[32m200[39m [90m84 ms - 139[39m
[38;5;0m[HTTP][0m [90m[39m
[38;5;0m[HTTP][0m [37m-->[39m [37mGET[39m [37m/wd/hub/session/00f56c94-ee64-40a9-9262-8f075c5cbcfe/element/00000000-0000-03f1-0000-005a00000003/location[39m
[38;5;0m[HTTP][0m [90m{}[39m
[38;5;48m[AndroidUiautomator2Driver@5a03 (00f56c94)][0m Driver proxy active, passing request on via HTTP proxy
[38;5;48m[AndroidUiautomator2Driver@5a03 (00f56c94)][0m Replacing sessionId 9700dacf-264e-4dc3-9265-f9dd05a46b6b with 00f56c94-ee64-40a9-9262-8f075c5cbcfe
[38;5;0m[HTTP][0m [37m<-- GET /wd/hub/session/00f56c94-ee64-40a9-9262-8f075c5cbcfe/element/00000000-0000-03f1-0000-005a00000003/location [39m[32m200[39m [90m18 ms - 78[39m
[38;5;0m[HTTP][0m [90m[39m
[38;5;0m[HTTP][0m [37m-->[39m [37mPOST[39m [37m/wd/hub/session/00f56c94-ee64-40a9-9262-8f075c5cbcfe/element/00000000-0000-03f1-0000-005a00000003/click[39m
[38;5;0m[HTTP][0m [90m{"id":"00000000-0000-03f1-0000-005a00000003"}[39m
[38;5;0m[HTTP][0m [37m<-- POST /wd/hub/session/00f56c94-ee64-40a9-9262-8f075c5cbcfe/element/00000000-0000-03f1-0000-005a00000003/click [39m[32m200[39m [90m1819 ms - 14[39m
[38;5;0m[HTTP][0m [90m[39m
[38;5;0m[HTTP][0m [37m-->[39m [37mGET[39m [37m/wd/hub/session/00f56c94-ee64-40a9-9262-8f075c5cbcfe/source[39m
[38;5;0m[HTTP][0m [90m{}[39m
[38;5;48m[AndroidUiautomator2Driver@5a03 (00f56c94)][0m Driver proxy active, passing request on via HTTP proxy
[38;5;48m[AndroidUiautomator2Driver@5a03 (00f56c94)][0m Replacing sessionId 9700dacf-264e-4dc3-9265-f9dd05a46b6b with 00f56c94-ee64-40a9-9262-8f075c5cbcfe
[38;5;0m[HTTP][0m [37m<-- GET /wd/hub/session/00f56c94-ee64-40a9-9262-8f075c5cbcfe/source [39m[32m200[39m [90m715 ms - 10690[39m
[38;5;0m[HTTP][0m [90m[39m
[38;5;0m[HTTP][0m [37m-->[39m [37mGET[39m [37m/wd/hub/session/00f56c94-ee64-40a9-9262-8f075c5cbcfe/screenshot[39m
[38;5;0m[HTTP][0m [90m{}[39m
[38;5;0m[HTTP][0m [37m<-- GET /wd/hub/session/00f56c94-ee64-40a9-9262-8f075c5cbcfe/screenshot [39m[32m200[39m [90m339 ms - 136720[39m
[38;5;0m[HTTP][0m [90m[39m
[38;5;0m[HTTP][0m [37m-->[39m [37mPOST[39m [37m/wd/hub/session/00f56c94-ee64-40a9-9262-8f075c5cbcfe/elements[39m
[38;5;0m[HTTP][0m [90m{"using":"xpath","value":"//*[@class = 'android.widget.EditText' and (@text = 'Salary' or . = 'Salary') and @resource-id = '']"}[39m
[38;5;0m[HTTP][0m [37m<-- POST /wd/hub/session/00f56c94-ee64-40a9-9262-8f075c5cbcfe/elements [39m[32m200[39m [90m106 ms - 139[39m
[38;5;0m[HTTP][0m [90m[39m
[38;5;0m[HTTP][0m [37m-->[39m [37mGET[39m [37m/wd/hub/session/00f56c94-ee64-40a9-9262-8f075c5cbcfe/window/rect[39m
[38;5;0m[HTTP][0m [90m{}[39m
[38;5;0m[HTTP][0m [37m<-- GET /wd/hub/session/00f56c94-ee64-40a9-9262-8f075c5cbcfe/window/rect [39m[32m200[39m [90m17 ms - 50[39m
[38;5;0m[HTTP][0m [90m[39m
[38;5;0m[HTTP][0m [37m-->[39m [37mPOST[39m [37m/wd/hub/session/00f56c94-ee64-40a9-9262-8f075c5cbcfe/elements[39m
[38;5;0m[HTTP][0m [90m{"using":"xpath","value":"//*[@class = 'android.widget.EditText' and (@text = 'Salary' or . = 'Salary') and @resource-id = '']"}[39m
[38;5;0m[HTTP][0m [37m<-- POST /wd/hub/session/00f56c94-ee64-40a9-9262-8f075c5cbcfe/elements [39m[32m200[39m [90m99 ms - 139[39m
[38;5;0m[HTTP][0m [90m[39m
[38;5;0m[HTTP][0m [37m-->[39m [37mGET[39m [37m/wd/hub/session/00f56c94-ee64-40a9-9262-8f075c5cbcfe/element/00000000-0000-03f1-0000-007100000003/location[39m
[38;5;0m[HTTP][0m [90m{}[39m
[38;5;48m[AndroidUiautomator2Driver@5a03 (00f56c94)][0m Driver proxy active, passing request on via HTTP proxy
[38;5;48m[AndroidUiautomator2Driver@5a03 (00f56c94)][0m Replacing sessionId 9700dacf-264e-4dc3-9265-f9dd05a46b6b with 00f56c94-ee64-40a9-9262-8f075c5cbcfe
[38;5;0m[HTTP][0m [37m<-- GET /wd/hub/session/00f56c94-ee64-40a9-9262-8f075c5cbcfe/element/00000000-0000-03f1-0000-007100000003/location [39m[32m200[39m [90m13 ms - 78[39m
[38;5;0m[HTTP][0m [90m[39m
[38;5;0m[HTTP][0m [37m-->[39m [37mPOST[39m [37m/wd/hub/session/00f56c94-ee64-40a9-9262-8f075c5cbcfe/element/00000000-0000-03f1-0000-007100000003/clear[39m
[38;5;0m[HTTP][0m [90m{"id":"00000000-0000-03f1-0000-007100000003"}[39m
[38;5;0m[HTTP][0m [37m<-- POST /wd/hub/session/00f56c94-ee64-40a9-9262-8f075c5cbcfe/element/00000000-0000-03f1-0000-007100000003/clear [39m[32m200[39m [90m14 ms - 14[39m
[38;5;0m[HTTP][0m [90m[39m
[38;5;0m[HTTP][0m [37m-->[39m [37mPOST[39m [37m/wd/hub/session/00f56c94-ee64-40a9-9262-8f075c5cbcfe/element/00000000-0000-03f1-0000-007100000003/click[39m
[38;5;0m[HTTP][0m [90m{"id":"00000000-0000-03f1-0000-007100000003"}[39m
[38;5;0m[HTTP][0m [37m<-- POST /wd/hub/session/00f56c94-ee64-40a9-9262-8f075c5cbcfe/element/00000000-0000-03f1-0000-007100000003/click [39m[32m200[39m [90m47 ms - 14[39m
[38;5;0m[HTTP][0m [90m[39m
[38;5;0m[HTTP][0m [37m-->[39m [37mPOST[39m [37m/wd/hub/session/00f56c94-ee64-40a9-9262-8f075c5cbcfe/element/00000000-0000-03f1-0000-007100000003/value[39m
[38;5;0m[HTTP][0m [90m{"id":"00000000-0000-03f1-0000-007100000003","text":"test","value":["t","e","s","t"]}[39m
[38;5;48m[AndroidUiautomator2Driver@5a03 (00f56c94)][0m Got response with status 400: {"sessionId":"9700dacf-264e-4dc3-9265-f9dd05a46b6b","value":{"error":"invalid element state","message":"Cannot set the element to 'test'. Did you interact with the correct element?","stacktrace":"io.appium.uiautomator2.common.exceptions.InvalidElementStateException: Cannot set the element to 'test'. Did you interact with the correct element?\n\tat io.appium.uiautomator2.handler.SendKeysToElement.setText(SendKeysToElement.java:87)\n\tat io.appium.uiautomator2.handler.SendKeysToElement.safeHandle(SendKeysToElement.java:115)\n\tat io.appium.uiautomator2.handler.request.SafeRequestHandler.handle(SafeRequestHandler.java:59)\n\tat io.appium.uiautomator2.server.AppiumServlet.handleRequest(AppiumServlet.java:259)\n\tat io.appium.uiautomator2.server.AppiumServlet.handleHttpRequest(AppiumServlet.java:253)\n\tat io.appium.uiautomator2.http.ServerHandler.channelRead(ServerHandler.java:77)\n\tat io.netty.channel.AbstractChannelHandlerContext.invokeChannelRead(AbstractChannelHandlerContext.java:366)\n\tat io.netty.chann...
[38;5;0m[HTTP][0m [37m<-- POST /wd/hub/session/00f56c94-ee64-40a9-9262-8f075c5cbcfe/element/00000000-0000-03f1-0000-007100000003/value [39m[33m400[39m [90m1022 ms - 3888[39m
[38;5;0m[HTTP][0m [90m[39m
[38;5;0m[HTTP][0m [37m-->[39m [37mPOST[39m [37m/wd/hub/session/00f56c94-ee64-40a9-9262-8f075c5cbcfe/elements[39m
[38;5;0m[HTTP][0m [90m{"using":"xpath","value":"//*[@class = 'android.widget.EditText' and (@text = 'Salary' or . = 'Salary') and @resource-id = '']"}[39m
[38;5;0m[HTTP][0m [37m<-- POST /wd/hub/session/00f56c94-ee64-40a9-9262-8f075c5cbcfe/elements [39m[32m200[39m [90m9687 ms - 139[39m
[38;5;0m[HTTP][0m [90m[39m
[38;5;0m[HTTP][0m [37m-->[39m [37mGET[39m [37m/wd/hub/session/00f56c94-ee64-40a9-9262-8f075c5cbcfe/window/rect[39m
[38;5;0m[HTTP][0m [90m{}[39m
[38;5;0m[HTTP][0m [37m<-- GET /wd/hub/session/00f56c94-ee64-40a9-9262-8f075c5cbcfe/window/rect [39m[32m200[39m [90m26 ms - 50[39m
[38;5;0m[HTTP][0m [90m[39m
[38;5;0m[HTTP][0m [37m-->[39m [37mPOST[39m [37m/wd/hub/session/00f56c94-ee64-40a9-9262-8f075c5cbcfe/elements[39m
[38;5;0m[HTTP][0m [90m{"using":"xpath","value":"//*[@class = 'android.widget.EditText' and (@text = 'Salary' or . = 'Salary') and @resource-id = '']"}[39m
[38;5;0m[HTTP][0m [37m<-- POST /wd/hub/session/00f56c94-ee64-40a9-9262-8f075c5cbcfe/elements [39m[32m200[39m [90m13524 ms - 139[39m
[38;5;0m[HTTP][0m [90m[39m
[38;5;0m[HTTP][0m [37m-->[39m [37mGET[39m [37m/wd/hub/session/00f56c94-ee64-40a9-9262-8f075c5cbcfe/element/00000000-0000-03f1-0000-009b00000003/location[39m
[38;5;0m[HTTP][0m [90m{}[39m
[38;5;48m[AndroidUiautomator2Driver@5a03 (00f56c94)][0m Driver proxy active, passing request on via HTTP proxy
[38;5;48m[AndroidUiautomator2Driver@5a03 (00f56c94)][0m Replacing sessionId 9700dacf-264e-4dc3-9265-f9dd05a46b6b with 00f56c94-ee64-40a9-9262-8f075c5cbcfe
[38;5;0m[HTTP][0m [37m<-- GET /wd/hub/session/00f56c94-ee64-40a9-9262-8f075c5cbcfe/element/00000000-0000-03f1-0000-009b00000003/location [39m[32m200[39m [90m15 ms - 78[39m
[38;5;0m[HTTP][0m [90m[39m
[38;5;0m[HTTP][0m [37m-->[39m [37mPOST[39m [37m/wd/hub/session/00f56c94-ee64-40a9-9262-8f075c5cbcfe/element/00000000-0000-03f1-0000-009b00000003/clear[39m
[38;5;0m[HTTP][0m [90m{"id":"00000000-0000-03f1-0000-009b00000003"}[39m
[38;5;0m[HTTP][0m [37m<-- POST /wd/hub/session/00f56c94-ee64-40a9-9262-8f075c5cbcfe/element/00000000-0000-03f1-0000-009b00000003/clear [39m[32m200[39m [90m19 ms - 14[39m
[38;5;0m[HTTP][0m [90m[39m
[38;5;0m[HTTP][0m [37m-->[39m [37mPOST[39m [37m/wd/hub/session/00f56c94-ee64-40a9-9262-8f075c5cbcfe/element/00000000-0000-03f1-0000-009b00000003/click[39m
[38;5;0m[HTTP][0m [90m{"id":"00000000-0000-03f1-0000-009b00000003"}[39m
[38;5;0m[HTTP][0m [37m<-- POST /wd/hub/session/00f56c94-ee64-40a9-9262-8f075c5cbcfe/element/00000000-0000-03f1-0000-009b00000003/click [39m[32m200[39m [90m56 ms - 14[39m
[38;5;0m[HTTP][0m [90m[39m
[38;5;0m[HTTP][0m [37m-->[39m [37mPOST[39m [37m/wd/hub/session/00f56c94-ee64-40a9-9262-8f075c5cbcfe/element/00000000-0000-03f1-0000-009b00000003/value[39m
[38;5;0m[HTTP][0m [90m{"id":"00000000-0000-03f1-0000-009b00000003","text":"12345","value":["1","2","3","4","5"]}[39m
[38;5;48m[AndroidUiautomator2Driver@5a03 (00f56c94)][0m Got response with status 400: {"sessionId":"9700dacf-264e-4dc3-9265-f9dd05a46b6b","value":{"error":"invalid element state","message":"Cannot set the element to '12345'. Did you interact with the correct element?","stacktrace":"io.appium.uiautomator2.common.exceptions.InvalidElementStateException: Cannot set the element to '12345'. Did you interact with the correct element?\n\tat io.appium.uiautomator2.handler.SendKeysToElement.setText(SendKeysToElement.java:87)\n\tat io.appium.uiautomator2.handler.SendKeysToElement.safeHandle(SendKeysToElement.java:115)\n\tat io.appium.uiautomator2.handler.request.SafeRequestHandler.handle(SafeRequestHandler.java:59)\n\tat io.appium.uiautomator2.server.AppiumServlet.handleRequest(AppiumServlet.java:259)\n\tat io.appium.uiautomator2.server.AppiumServlet.handleHttpRequest(AppiumServlet.java:253)\n\tat io.appium.uiautomator2.http.ServerHandler.channelRead(ServerHandler.java:77)\n\tat io.netty.channel.AbstractChannelHandlerContext.invokeChannelRead(AbstractChannelHandlerContext.java:366)\n\tat io.netty.cha...
[38;5;0m[HTTP][0m [37m<-- POST /wd/hub/session/00f56c94-ee64-40a9-9262-8f075c5cbcfe/element/00000000-0000-03f1-0000-009b00000003/value [39m[33m400[39m [90m1016 ms - 3890[39m
[38;5;0m[HTTP][0m [90m[39m
[38;5;0m[HTTP][0m [37m-->[39m [37mPOST[39m [37m/wd/hub/session/00f56c94-ee64-40a9-9262-8f075c5cbcfe/elements[39m
[38;5;0m[HTTP][0m [90m{"using":"xpath","value":"//*[@class = 'android.widget.EditText' and (@text = 'Salary' or . = 'Salary') and @resource-id = '']"}[39m
[38;5;0m[HTTP][0m [37m<-- POST /wd/hub/session/00f56c94-ee64-40a9-9262-8f075c5cbcfe/elements [39m[32m200[39m [90m8168 ms - 139[39m
[38;5;0m[HTTP][0m [90m[39m
[38;5;0m[HTTP][0m [37m-->[39m [37mDELETE[39m [37m/wd/hub/session/00f56c94-ee64-40a9-9262-8f075c5cbcfe[39m
[38;5;0m[HTTP][0m [90m{}[39m
[38;5;16m[AppiumDriver@d519][0m Removing session 00f56c94-ee64-40a9-9262-8f075c5cbcfe from our master session list
[38;5;48m[AndroidUiautomator2Driver@5a03 (00f56c94)][0m Restoring hidden api policy to the device default configuration
[38;5;0m[HTTP][0m [37m<-- DELETE /wd/hub/session/00f56c94-ee64-40a9-9262-8f075c5cbcfe [39m[32m200[39m [90m287 ms - 14[39m
[38;5;0m[HTTP][0m [90m[39m
